<?xml version="1.0" encoding="UTF-8"?>
<!-- Generated by org.testng.reporters.JUnitXMLReporter -->
<testsuite hostname="DESKTOP-AI8L471" ignored="0" name="Command line test" tests="4" failures="0" timestamp="2020-06-02T15:31:43 IST" time="0.07" errors="0">
  <testcase name="AndroidApps" time="0.005" classname="qaclickacademy.MavenJava.AppiumTest"/>
  <testcase name="iOSApps" time="0.0" classname="qaclickacademy.MavenJava.AppiumTest"/>
  <testcase name="LoginApplication" time="0.0" classname="qaclickacademy.MavenJava.SeleniumTest"/>
  <testcase name="UIElements" time="0.001" classname="qaclickacademy.MavenJava.SeleniumTest"/>
</testsuite> <!-- Command line test -->
