<?xml version="1.0" encoding="UTF-8"?>
<!-- Generated by org.testng.reporters.JUnitXMLReporter -->
<testsuite hostname="DESKTOP-AI8L471" ignored="0" name="Test" tests="4" failures="0" timestamp="2020-06-02T15:37:36 IST" time="0.063" errors="0">
  <testcase name="loginJIRA" time="0.007" classname="qaclickacademy.MavenJava.RESTAPITest"/>
  <testcase name="postJIRA" time="0.001" classname="qaclickacademy.MavenJava.RESTAPITest"/>
  <testcase name="LoginApplication" time="0.002" classname="qaclickacademy.MavenJava.SeleniumTest"/>
  <testcase name="UIElements" time="0.001" classname="qaclickacademy.MavenJava.SeleniumTest"/>
</testsuite> <!-- Test -->
