<?xml version="1.0" encoding="UTF-8"?>
<testng-results skipped="0" failed="0" ignored="0" total="4" passed="4">
  <reporter-output>
  </reporter-output>
  <suite name="Suite" duration-ms="63" started-at="2020-06-02T15:37:35 IST" finished-at="2020-06-02T15:37:35 IST">
    <groups>
    </groups>
    <test name="Test" duration-ms="63" started-at="2020-06-02T15:37:35 IST" finished-at="2020-06-02T15:37:35 IST">
      <class name="qaclickacademy.MavenJava.SeleniumTest">
        <test-method status="PASS" signature="LoginApplication()[pri:0, instance:qaclickacademy.MavenJava.SeleniumTest@64bfbc86]" name="LoginApplication" duration-ms="2" started-at="2020-06-02T15:37:35 IST" finished-at="2020-06-02T15:37:35 IST">
          <reporter-output>
          </reporter-output>
        </test-method> <!-- LoginApplication -->
        <test-method status="PASS" signature="UIElements()[pri:0, instance:qaclickacademy.MavenJava.SeleniumTest@64bfbc86]" name="UIElements" duration-ms="1" started-at="2020-06-02T15:37:35 IST" finished-at="2020-06-02T15:37:35 IST">
          <reporter-output>
          </reporter-output>
        </test-method> <!-- UIElements -->
      </class> <!-- qaclickacademy.MavenJava.SeleniumTest -->
      <class name="qaclickacademy.MavenJava.RESTAPITest">
        <test-method status="PASS" signature="loginJIRA()[pri:0, instance:qaclickacademy.MavenJava.RESTAPITest@192b07fd]" name="loginJIRA" duration-ms="7" started-at="2020-06-02T15:37:35 IST" finished-at="2020-06-02T15:37:35 IST">
          <reporter-output>
          </reporter-output>
        </test-method> <!-- loginJIRA -->
        <test-method status="PASS" signature="postJIRA()[pri:0, instance:qaclickacademy.MavenJava.RESTAPITest@192b07fd]" name="postJIRA" duration-ms="1" started-at="2020-06-02T15:37:35 IST" finished-at="2020-06-02T15:37:35 IST">
          <reporter-output>
          </reporter-output>
        </test-method> <!-- postJIRA -->
      </class> <!-- qaclickacademy.MavenJava.RESTAPITest -->
    </test> <!-- Test -->
  </suite> <!-- Suite -->
</testng-results>
